e:\tmp\c-_keyboardhook-\c++_keyboardhook\debug\vc141.pdb
e:\tmp\c-_keyboardhook-\c++_keyboardhook\debug\vc141.idb
e:\tmp\c-_keyboardhook-\c++_keyboardhook\debug\main.obj
e:\tmp\c-_keyboardhook-\debug\keyboardhook.ilk
e:\tmp\c-_keyboardhook-\debug\keyboardhook.exe
e:\tmp\c-_keyboardhook-\debug\keyboardhook.pdb
e:\tmp\c-_keyboardhook-\c++_keyboardhook\debug\c++_keyboardhook.res
e:\tmp\hook\c++_keyboardhook\debug\main.obj
e:\tmp\hook\c++_keyboardhook\debug\c++_keyboardhook.res
e:\tmp\hook\c++_keyboardhook\debug\vc141.idb
e:\tmp\hook\c++_keyboardhook\debug\vc141.pdb
e:\tmp\hook\c++_keyboardhook\debug\keyboardhook.tlog\cl.command.1.tlog
e:\tmp\hook\c++_keyboardhook\debug\keyboardhook.tlog\cl.read.1.tlog
e:\tmp\hook\c++_keyboardhook\debug\keyboardhook.tlog\cl.write.1.tlog
e:\tmp\hook\c++_keyboardhook\debug\keyboardhook.tlog\link.command.1.tlog
e:\tmp\hook\c++_keyboardhook\debug\keyboardhook.tlog\link.read.1.tlog
e:\tmp\hook\c++_keyboardhook\debug\keyboardhook.tlog\link.write.1.tlog
e:\tmp\hook\c++_keyboardhook\debug\keyboardhook.tlog\rc.command.1.tlog
e:\tmp\hook\c++_keyboardhook\debug\keyboardhook.tlog\rc.read.1.tlog
e:\tmp\hook\c++_keyboardhook\debug\keyboardhook.tlog\rc.write.1.tlog
